{"C:\\Users\\italo\\workspace-java\\sisrest\\frontend\\src\\components\\InputReal.js": {"path":"C:\\Users\\italo\\workspace-java\\sisrest\\frontend\\src\\components\\InputReal.js","all":false,"statementMap":{"0":{"start":{"line":1,"column":0},"end":{"line":1,"column":52}},"1":{"start":{"line":2,"column":0},"end":{"line":2,"column":0}},"2":{"start":{"line":3,"column":0},"end":{"line":3,"column":95}},"3":{"start":{"line":4,"column":0},"end":{"line":4,"column":4}},"4":{"start":{"line":5,"column":0},"end":{"line":5,"column":37}},"5":{"start":{"line":6,"column":0},"end":{"line":6,"column":33}},"6":{"start":{"line":7,"column":0},"end":{"line":7,"column":0}},"7":{"start":{"line":8,"column":0},"end":{"line":8,"column":57}},"8":{"start":{"line":9,"column":0},"end":{"line":9,"column":34}},"9":{"start":{"line":10,"column":0},"end":{"line":10,"column":0}},"10":{"start":{"line":11,"column":0},"end":{"line":11,"column":32}},"11":{"start":{"line":12,"column":0},"end":{"line":12,"column":62}},"12":{"start":{"line":13,"column":0},"end":{"line":13,"column":33}},"13":{"start":{"line":14,"column":0},"end":{"line":14,"column":31}},"14":{"start":{"line":15,"column":0},"end":{"line":15,"column":17}},"15":{"start":{"line":16,"column":0},"end":{"line":16,"column":0}},"16":{"start":{"line":17,"column":0},"end":{"line":17,"column":43}},"17":{"start":{"line":18,"column":0},"end":{"line":18,"column":72}},"18":{"start":{"line":19,"column":0},"end":{"line":19,"column":19}},"19":{"start":{"line":20,"column":0},"end":{"line":20,"column":0}},"20":{"start":{"line":21,"column":0},"end":{"line":21,"column":70}},"21":{"start":{"line":22,"column":0},"end":{"line":22,"column":48}},"22":{"start":{"line":23,"column":0},"end":{"line":23,"column":0}},"23":{"start":{"line":24,"column":0},"end":{"line":24,"column":27}},"24":{"start":{"line":25,"column":0},"end":{"line":25,"column":64}},"25":{"start":{"line":26,"column":0},"end":{"line":26,"column":121}},"26":{"start":{"line":27,"column":0},"end":{"line":27,"column":16}},"27":{"start":{"line":28,"column":0},"end":{"line":28,"column":44}},"28":{"start":{"line":29,"column":0},"end":{"line":29,"column":58}},"29":{"start":{"line":30,"column":0},"end":{"line":30,"column":26}},"30":{"start":{"line":31,"column":0},"end":{"line":31,"column":98}},"31":{"start":{"line":32,"column":0},"end":{"line":32,"column":49}},"32":{"start":{"line":33,"column":0},"end":{"line":33,"column":20}},"33":{"start":{"line":34,"column":0},"end":{"line":34,"column":42}},"34":{"start":{"line":35,"column":0},"end":{"line":35,"column":13}},"35":{"start":{"line":36,"column":0},"end":{"line":36,"column":9}},"36":{"start":{"line":37,"column":0},"end":{"line":37,"column":0}},"37":{"start":{"line":38,"column":0},"end":{"line":38,"column":29}},"38":{"start":{"line":39,"column":0},"end":{"line":39,"column":19}},"39":{"start":{"line":40,"column":0},"end":{"line":40,"column":90}},"40":{"start":{"line":41,"column":0},"end":{"line":41,"column":61}},"41":{"start":{"line":42,"column":0},"end":{"line":42,"column":55}},"42":{"start":{"line":43,"column":0},"end":{"line":43,"column":40}},"43":{"start":{"line":44,"column":0},"end":{"line":44,"column":51}},"44":{"start":{"line":45,"column":0},"end":{"line":45,"column":70}},"45":{"start":{"line":46,"column":0},"end":{"line":46,"column":72}},"46":{"start":{"line":47,"column":0},"end":{"line":47,"column":73}},"47":{"start":{"line":48,"column":0},"end":{"line":48,"column":38}},"48":{"start":{"line":49,"column":0},"end":{"line":49,"column":36}},"49":{"start":{"line":50,"column":0},"end":{"line":50,"column":43}},"50":{"start":{"line":51,"column":0},"end":{"line":51,"column":29}},"51":{"start":{"line":52,"column":0},"end":{"line":52,"column":25}},"52":{"start":{"line":53,"column":0},"end":{"line":53,"column":123}},"53":{"start":{"line":54,"column":0},"end":{"line":54,"column":28}},"54":{"start":{"line":55,"column":0},"end":{"line":55,"column":135}},"55":{"start":{"line":56,"column":0},"end":{"line":56,"column":45}},"56":{"start":{"line":57,"column":0},"end":{"line":57,"column":33}},"57":{"start":{"line":58,"column":0},"end":{"line":58,"column":22}},"58":{"start":{"line":59,"column":0},"end":{"line":59,"column":20}},"59":{"start":{"line":60,"column":0},"end":{"line":60,"column":79}},"60":{"start":{"line":61,"column":0},"end":{"line":61,"column":111}},"61":{"start":{"line":62,"column":0},"end":{"line":62,"column":38}},"62":{"start":{"line":63,"column":0},"end":{"line":63,"column":29}},"63":{"start":{"line":64,"column":0},"end":{"line":64,"column":0}},"64":{"start":{"line":65,"column":0},"end":{"line":65,"column":47}},"65":{"start":{"line":66,"column":0},"end":{"line":66,"column":48}},"66":{"start":{"line":67,"column":0},"end":{"line":67,"column":41}},"67":{"start":{"line":68,"column":0},"end":{"line":68,"column":0}},"68":{"start":{"line":69,"column":0},"end":{"line":69,"column":29}},"69":{"start":{"line":70,"column":0},"end":{"line":70,"column":5}},"70":{"start":{"line":71,"column":0},"end":{"line":71,"column":0}},"71":{"start":{"line":72,"column":0},"end":{"line":72,"column":41}},"72":{"start":{"line":73,"column":0},"end":{"line":73,"column":42}},"73":{"start":{"line":74,"column":0},"end":{"line":74,"column":55}},"74":{"start":{"line":75,"column":0},"end":{"line":75,"column":6}},"75":{"start":{"line":76,"column":0},"end":{"line":76,"column":0}},"76":{"start":{"line":77,"column":0},"end":{"line":77,"column":42}},"77":{"start":{"line":78,"column":0},"end":{"line":78,"column":109}},"78":{"start":{"line":79,"column":0},"end":{"line":79,"column":6}},"79":{"start":{"line":80,"column":0},"end":{"line":80,"column":0}},"80":{"start":{"line":81,"column":0},"end":{"line":81,"column":41}},"81":{"start":{"line":82,"column":0},"end":{"line":82,"column":71}},"82":{"start":{"line":83,"column":0},"end":{"line":83,"column":48}},"83":{"start":{"line":84,"column":0},"end":{"line":84,"column":0}},"84":{"start":{"line":85,"column":0},"end":{"line":85,"column":46}},"85":{"start":{"line":86,"column":0},"end":{"line":86,"column":81}},"86":{"start":{"line":87,"column":0},"end":{"line":87,"column":0}},"87":{"start":{"line":88,"column":0},"end":{"line":88,"column":24}},"88":{"start":{"line":89,"column":0},"end":{"line":89,"column":18}},"89":{"start":{"line":90,"column":0},"end":{"line":90,"column":54}},"90":{"start":{"line":91,"column":0},"end":{"line":91,"column":41}},"91":{"start":{"line":92,"column":0},"end":{"line":92,"column":44}},"92":{"start":{"line":93,"column":0},"end":{"line":93,"column":64}},"93":{"start":{"line":94,"column":0},"end":{"line":94,"column":24}},"94":{"start":{"line":95,"column":0},"end":{"line":95,"column":58}},"95":{"start":{"line":96,"column":0},"end":{"line":96,"column":17}},"96":{"start":{"line":97,"column":0},"end":{"line":97,"column":20}},"97":{"start":{"line":98,"column":0},"end":{"line":98,"column":20}},"98":{"start":{"line":99,"column":0},"end":{"line":99,"column":54}},"99":{"start":{"line":100,"column":0},"end":{"line":100,"column":13}},"100":{"start":{"line":101,"column":0},"end":{"line":101,"column":9}},"101":{"start":{"line":102,"column":0},"end":{"line":102,"column":0}},"102":{"start":{"line":103,"column":0},"end":{"line":103,"column":32}},"103":{"start":{"line":104,"column":0},"end":{"line":104,"column":6}},"104":{"start":{"line":105,"column":0},"end":{"line":105,"column":0}},"105":{"start":{"line":106,"column":0},"end":{"line":106,"column":34}},"106":{"start":{"line":107,"column":0},"end":{"line":107,"column":44}},"107":{"start":{"line":108,"column":0},"end":{"line":108,"column":6}},"108":{"start":{"line":109,"column":0},"end":{"line":109,"column":0}},"109":{"start":{"line":110,"column":0},"end":{"line":110,"column":283}},"110":{"start":{"line":111,"column":0},"end":{"line":111,"column":56}},"111":{"start":{"line":112,"column":0},"end":{"line":112,"column":36}},"112":{"start":{"line":113,"column":0},"end":{"line":113,"column":0}},"113":{"start":{"line":114,"column":0},"end":{"line":114,"column":12}},"114":{"start":{"line":115,"column":0},"end":{"line":115,"column":26}},"115":{"start":{"line":116,"column":0},"end":{"line":116,"column":26}},"116":{"start":{"line":117,"column":0},"end":{"line":117,"column":37}},"117":{"start":{"line":118,"column":0},"end":{"line":118,"column":33}},"118":{"start":{"line":119,"column":0},"end":{"line":119,"column":31}},"119":{"start":{"line":120,"column":0},"end":{"line":120,"column":46}},"120":{"start":{"line":121,"column":0},"end":{"line":121,"column":44}},"121":{"start":{"line":122,"column":0},"end":{"line":122,"column":34}},"122":{"start":{"line":123,"column":0},"end":{"line":123,"column":14}},"123":{"start":{"line":124,"column":0},"end":{"line":124,"column":6}},"124":{"start":{"line":125,"column":0},"end":{"line":125,"column":2}},"125":{"start":{"line":126,"column":0},"end":{"line":126,"column":0}},"126":{"start":{"line":127,"column":0},"end":{"line":127,"column":25}},"127":{"start":{"line":128,"column":0},"end":{"line":128,"column":0}},"128":{"start":{"line":129,"column":0},"end":{"line":129,"column":2}},"129":{"start":{"line":130,"column":0},"end":{"line":130,"column":55}},"130":{"start":{"line":131,"column":0},"end":{"line":131,"column":23}},"131":{"start":{"line":132,"column":0},"end":{"line":132,"column":37}},"132":{"start":{"line":133,"column":0},"end":{"line":133,"column":25}},"133":{"start":{"line":134,"column":0},"end":{"line":134,"column":28}},"134":{"start":{"line":135,"column":0},"end":{"line":135,"column":33}},"135":{"start":{"line":136,"column":0},"end":{"line":136,"column":30}},"136":{"start":{"line":137,"column":0},"end":{"line":137,"column":34}},"137":{"start":{"line":138,"column":0},"end":{"line":138,"column":24}},"138":{"start":{"line":139,"column":0},"end":{"line":139,"column":48}},"139":{"start":{"line":140,"column":0},"end":{"line":140,"column":287}},"140":{"start":{"line":141,"column":0},"end":{"line":141,"column":0}},"141":{"start":{"line":142,"column":0},"end":{"line":142,"column":49}},"142":{"start":{"line":143,"column":0},"end":{"line":143,"column":34}},"143":{"start":{"line":144,"column":0},"end":{"line":144,"column":77}},"144":{"start":{"line":145,"column":0},"end":{"line":145,"column":71}},"145":{"start":{"line":146,"column":0},"end":{"line":146,"column":57}},"146":{"start":{"line":147,"column":0},"end":{"line":147,"column":63}},"147":{"start":{"line":148,"column":0},"end":{"line":148,"column":68}},"148":{"start":{"line":149,"column":0},"end":{"line":149,"column":13}},"149":{"start":{"line":150,"column":0},"end":{"line":150,"column":9}},"150":{"start":{"line":151,"column":0},"end":{"line":151,"column":2}}},"s":{"0":1,"1":1,"2":1,"3":8,"4":8,"5":8,"6":8,"7":8,"8":8,"9":8,"10":8,"11":1,"12":1,"13":1,"14":8,"15":8,"16":8,"17":8,"18":7,"19":7,"20":7,"21":7,"22":7,"23":7,"24":7,"25":5,"26":7,"27":2,"28":1,"29":1,"30":1,"31":1,"32":1,"33":1,"34":1,"35":2,"36":7,"37":7,"38":7,"39":4,"40":2,"41":1,"42":1,"43":1,"44":1,"45":1,"46":1,"47":0,"48":1,"49":1,"50":1,"51":1,"52":1,"53":1,"54":1,"55":1,"56":4,"57":2,"58":2,"59":2,"60":2,"61":7,"62":7,"63":7,"64":7,"65":7,"66":7,"67":7,"68":7,"69":8,"70":8,"71":8,"72":0,"73":0,"74":8,"75":8,"76":8,"77":8,"78":8,"79":8,"80":8,"81":9,"82":9,"83":9,"84":9,"85":9,"86":9,"87":9,"88":9,"89":9,"90":52,"91":7,"92":2,"93":7,"94":5,"95":5,"96":7,"97":52,"98":45,"99":45,"100":52,"101":9,"102":9,"103":8,"104":8,"105":8,"106":19,"107":8,"108":8,"109":8,"110":8,"111":8,"112":8,"113":8,"114":8,"115":8,"116":8,"117":8,"118":8,"119":8,"120":8,"121":8,"122":8,"123":8,"124":8,"125":1,"126":1,"127":1,"128":1,"129":1,"130":1,"131":1,"132":1,"133":1,"134":1,"135":1,"136":1,"137":1,"138":1,"139":1,"140":1,"141":1,"142":1,"143":1,"144":1,"145":1,"146":1,"147":1,"148":1,"149":1,"150":1},"branchMap":{"0":{"type":"branch","line":2,"loc":{"start":{"line":2,"column":-2},"end":{"line":2,"column":0}},"locations":[{"start":{"line":2,"column":-2},"end":{"line":2,"column":0}}]},"1":{"type":"branch","line":3,"loc":{"start":{"line":3,"column":18},"end":{"line":125,"column":2}},"locations":[{"start":{"line":3,"column":18},"end":{"line":125,"column":2}}]},"2":{"type":"branch","line":111,"loc":{"start":{"line":111,"column":32},"end":{"line":111,"column":54}},"locations":[{"start":{"line":111,"column":32},"end":{"line":111,"column":54}}]},"3":{"type":"branch","line":112,"loc":{"start":{"line":112,"column":8},"end":{"line":112,"column":36}},"locations":[{"start":{"line":112,"column":8},"end":{"line":112,"column":36}}]},"4":{"type":"branch","line":11,"loc":{"start":{"line":11,"column":15},"end":{"line":15,"column":5}},"locations":[{"start":{"line":11,"column":15},"end":{"line":15,"column":5}}]},"5":{"type":"branch","line":17,"loc":{"start":{"line":17,"column":26},"end":{"line":17,"column":29}},"locations":[{"start":{"line":17,"column":26},"end":{"line":17,"column":29}}]},"6":{"type":"branch","line":17,"loc":{"start":{"line":17,"column":29},"end":{"line":69,"column":29}},"locations":[{"start":{"line":17,"column":29},"end":{"line":69,"column":29}}]},"7":{"type":"branch","line":17,"loc":{"start":{"line":17,"column":37},"end":{"line":69,"column":29}},"locations":[{"start":{"line":17,"column":37},"end":{"line":69,"column":29}}]},"8":{"type":"branch","line":17,"loc":{"start":{"line":17,"column":37},"end":{"line":69,"column":29}},"locations":[{"start":{"line":17,"column":37},"end":{"line":69,"column":29}}]},"9":{"type":"branch","line":17,"loc":{"start":{"line":17,"column":37},"end":{"line":18,"column":72}},"locations":[{"start":{"line":17,"column":37},"end":{"line":18,"column":72}}]},"10":{"type":"branch","line":18,"loc":{"start":{"line":18,"column":31},"end":{"line":18,"column":50}},"locations":[{"start":{"line":18,"column":31},"end":{"line":18,"column":50}}]},"11":{"type":"branch","line":18,"loc":{"start":{"line":18,"column":50},"end":{"line":18,"column":70}},"locations":[{"start":{"line":18,"column":50},"end":{"line":18,"column":70}}]},"12":{"type":"branch","line":18,"loc":{"start":{"line":18,"column":70},"end":{"line":18,"column":72}},"locations":[{"start":{"line":18,"column":70},"end":{"line":18,"column":72}}]},"13":{"type":"branch","line":18,"loc":{"start":{"line":18,"column":70},"end":{"line":18,"column":72}},"locations":[{"start":{"line":18,"column":70},"end":{"line":18,"column":72}}]},"14":{"type":"branch","line":18,"loc":{"start":{"line":18,"column":70},"end":{"line":59,"column":20}},"locations":[{"start":{"line":18,"column":70},"end":{"line":59,"column":20}}]},"15":{"type":"branch","line":21,"loc":{"start":{"line":21,"column":34},"end":{"line":21,"column":54}},"locations":[{"start":{"line":21,"column":34},"end":{"line":21,"column":54}}]},"16":{"type":"branch","line":21,"loc":{"start":{"line":21,"column":54},"end":{"line":21,"column":62}},"locations":[{"start":{"line":21,"column":54},"end":{"line":21,"column":62}}]},"17":{"type":"branch","line":21,"loc":{"start":{"line":21,"column":62},"end":{"line":21,"column":67}},"locations":[{"start":{"line":21,"column":62},"end":{"line":21,"column":67}}]},"18":{"type":"branch","line":25,"loc":{"start":{"line":25,"column":63},"end":{"line":27,"column":9}},"locations":[{"start":{"line":25,"column":63},"end":{"line":27,"column":9}}]},"19":{"type":"branch","line":27,"loc":{"start":{"line":27,"column":9},"end":{"line":36,"column":9}},"locations":[{"start":{"line":27,"column":9},"end":{"line":36,"column":9}}]},"20":{"type":"branch","line":28,"loc":{"start":{"line":28,"column":43},"end":{"line":35,"column":13}},"locations":[{"start":{"line":28,"column":43},"end":{"line":35,"column":13}}]},"21":{"type":"branch","line":31,"loc":{"start":{"line":31,"column":69},"end":{"line":31,"column":68}},"locations":[{"start":{"line":31,"column":69},"end":{"line":31,"column":68}}]},"22":{"type":"branch","line":39,"loc":{"start":{"line":39,"column":18},"end":{"line":39,"column":19}},"locations":[{"start":{"line":39,"column":18},"end":{"line":39,"column":19}}]},"23":{"type":"branch","line":39,"loc":{"start":{"line":39,"column":18},"end":{"line":59,"column":20}},"locations":[{"start":{"line":39,"column":18},"end":{"line":59,"column":20}}]},"24":{"type":"branch","line":59,"loc":{"start":{"line":59,"column":19},"end":{"line":59,"column":20}},"locations":[{"start":{"line":59,"column":19},"end":{"line":59,"column":20}}]},"25":{"type":"branch","line":59,"loc":{"start":{"line":59,"column":19},"end":{"line":59,"column":20}},"locations":[{"start":{"line":59,"column":19},"end":{"line":59,"column":20}}]},"26":{"type":"branch","line":40,"loc":{"start":{"line":40,"column":82},"end":{"line":57,"column":17}},"locations":[{"start":{"line":40,"column":82},"end":{"line":57,"column":17}}]},"27":{"type":"branch","line":41,"loc":{"start":{"line":41,"column":60},"end":{"line":56,"column":45}},"locations":[{"start":{"line":41,"column":60},"end":{"line":56,"column":45}}]},"28":{"type":"branch","line":44,"loc":{"start":{"line":44,"column":39},"end":{"line":44,"column":47}},"locations":[{"start":{"line":44,"column":39},"end":{"line":44,"column":47}}]},"29":{"type":"branch","line":47,"loc":{"start":{"line":47,"column":72},"end":{"line":49,"column":29}},"locations":[{"start":{"line":47,"column":72},"end":{"line":49,"column":29}}]},"30":{"type":"branch","line":57,"loc":{"start":{"line":57,"column":17},"end":{"line":61,"column":111}},"locations":[{"start":{"line":57,"column":17},"end":{"line":61,"column":111}}]},"31":{"type":"branch","line":61,"loc":{"start":{"line":61,"column":20},"end":{"line":61,"column":111}},"locations":[{"start":{"line":61,"column":20},"end":{"line":61,"column":111}}]},"32":{"type":"branch","line":62,"loc":{"start":{"line":62,"column":-2},"end":{"line":69,"column":29}},"locations":[{"start":{"line":62,"column":-2},"end":{"line":69,"column":29}}]},"33":{"type":"branch","line":72,"loc":{"start":{"line":72,"column":24},"end":{"line":72,"column":27}},"locations":[{"start":{"line":72,"column":24},"end":{"line":72,"column":27}}]},"34":{"type":"branch","line":77,"loc":{"start":{"line":77,"column":29},"end":{"line":79,"column":5}},"locations":[{"start":{"line":77,"column":29},"end":{"line":79,"column":5}}]},"35":{"type":"branch","line":78,"loc":{"start":{"line":78,"column":48},"end":{"line":78,"column":47}},"locations":[{"start":{"line":78,"column":48},"end":{"line":78,"column":47}}]},"36":{"type":"branch","line":81,"loc":{"start":{"line":81,"column":29},"end":{"line":104,"column":5}},"locations":[{"start":{"line":81,"column":29},"end":{"line":104,"column":5}}]},"37":{"type":"branch","line":82,"loc":{"start":{"line":82,"column":44},"end":{"line":82,"column":43}},"locations":[{"start":{"line":82,"column":44},"end":{"line":82,"column":43}}]},"38":{"type":"branch","line":83,"loc":{"start":{"line":83,"column":38},"end":{"line":83,"column":47}},"locations":[{"start":{"line":83,"column":38},"end":{"line":83,"column":47}}]},"39":{"type":"branch","line":85,"loc":{"start":{"line":85,"column":39},"end":{"line":85,"column":45}},"locations":[{"start":{"line":85,"column":39},"end":{"line":85,"column":45}}]},"40":{"type":"branch","line":90,"loc":{"start":{"line":90,"column":53},"end":{"line":101,"column":9}},"locations":[{"start":{"line":90,"column":53},"end":{"line":101,"column":9}}]},"41":{"type":"branch","line":91,"loc":{"start":{"line":91,"column":40},"end":{"line":98,"column":13}},"locations":[{"start":{"line":91,"column":40},"end":{"line":98,"column":13}}]},"42":{"type":"branch","line":92,"loc":{"start":{"line":92,"column":31},"end":{"line":92,"column":40}},"locations":[{"start":{"line":92,"column":31},"end":{"line":92,"column":40}}]},"43":{"type":"branch","line":92,"loc":{"start":{"line":92,"column":43},"end":{"line":94,"column":17}},"locations":[{"start":{"line":92,"column":43},"end":{"line":94,"column":17}}]},"44":{"type":"branch","line":94,"loc":{"start":{"line":94,"column":17},"end":{"line":96,"column":17}},"locations":[{"start":{"line":94,"column":17},"end":{"line":96,"column":17}}]},"45":{"type":"branch","line":98,"loc":{"start":{"line":98,"column":13},"end":{"line":100,"column":13}},"locations":[{"start":{"line":98,"column":13},"end":{"line":100,"column":13}}]},"46":{"type":"branch","line":106,"loc":{"start":{"line":106,"column":21},"end":{"line":108,"column":5}},"locations":[{"start":{"line":106,"column":21},"end":{"line":108,"column":5}}]}},"b":{"0":[1],"1":[8],"2":[0],"3":[0],"4":[1],"5":[8],"6":[8],"7":[14],"8":[28],"9":[8],"10":[6],"11":[3],"12":[7],"13":[1],"14":[7],"15":[4],"16":[2],"17":[5],"18":[5],"19":[2],"20":[1],"21":[0],"22":[3],"23":[4],"24":[2],"25":[2],"26":[2],"27":[1],"28":[2],"29":[0],"30":[2],"31":[1],"32":[7],"33":[8],"34":[8],"35":[0],"36":[9],"37":[0],"38":[0],"39":[0],"40":[52],"41":[7],"42":[5],"43":[2],"44":[5],"45":[45],"46":[19]},"fnMap":{"0":{"name":"_regeneratorRuntime","decl":{"start":{"line":2,"column":-2},"end":{"line":2,"column":0}},"loc":{"start":{"line":2,"column":-2},"end":{"line":2,"column":0}},"line":2},"1":{"name":"InputReal","decl":{"start":{"line":3,"column":18},"end":{"line":125,"column":2}},"loc":{"start":{"line":3,"column":18},"end":{"line":125,"column":2}},"line":3},"2":{"name":"_callee","decl":{"start":{"line":17,"column":29},"end":{"line":69,"column":29}},"loc":{"start":{"line":17,"column":29},"end":{"line":69,"column":29}},"line":17},"3":{"name":"_callee$","decl":{"start":{"line":17,"column":37},"end":{"line":69,"column":29}},"loc":{"start":{"line":17,"column":37},"end":{"line":69,"column":29}},"line":17},"4":{"name":"_callee2","decl":{"start":{"line":72,"column":27},"end":{"line":74,"column":55}},"loc":{"start":{"line":72,"column":27},"end":{"line":74,"column":55}},"line":72},"5":{"name":"textToRealNumber","decl":{"start":{"line":77,"column":29},"end":{"line":79,"column":5}},"loc":{"start":{"line":77,"column":29},"end":{"line":79,"column":5}},"line":77},"6":{"name":"numberToRealText","decl":{"start":{"line":81,"column":29},"end":{"line":104,"column":5}},"loc":{"start":{"line":81,"column":29},"end":{"line":104,"column":5}},"line":81},"7":{"name":"isNumber","decl":{"start":{"line":106,"column":21},"end":{"line":108,"column":5}},"loc":{"start":{"line":106,"column":21},"end":{"line":108,"column":5}},"line":106},"8":{"name":"onChange","decl":{"start":{"line":118,"column":23},"end":{"line":118,"column":33}},"loc":{"start":{"line":118,"column":23},"end":{"line":118,"column":33}},"line":118}},"f":{"0":1,"1":8,"2":8,"3":14,"4":0,"5":8,"6":9,"7":19,"8":0}}
,"C:\\Users\\italo\\workspace-java\\sisrest\\frontend\\src\\components\\Paginator.js": {"path":"C:\\Users\\italo\\workspace-java\\sisrest\\frontend\\src\\components\\Paginator.js","all":false,"statementMap":{"0":{"start":{"line":1,"column":0},"end":{"line":1,"column":44}},"1":{"start":{"line":2,"column":0},"end":{"line":2,"column":64}},"2":{"start":{"line":3,"column":0},"end":{"line":3,"column":0}},"3":{"start":{"line":4,"column":0},"end":{"line":4,"column":50}},"4":{"start":{"line":5,"column":0},"end":{"line":5,"column":0}},"5":{"start":{"line":6,"column":0},"end":{"line":6,"column":20}},"6":{"start":{"line":7,"column":0},"end":{"line":7,"column":14}},"7":{"start":{"line":8,"column":0},"end":{"line":8,"column":22}},"8":{"start":{"line":9,"column":0},"end":{"line":9,"column":30}},"9":{"start":{"line":10,"column":0},"end":{"line":10,"column":43}},"10":{"start":{"line":11,"column":0},"end":{"line":11,"column":0}},"11":{"start":{"line":12,"column":0},"end":{"line":12,"column":66}},"12":{"start":{"line":13,"column":0},"end":{"line":13,"column":57}},"13":{"start":{"line":14,"column":0},"end":{"line":14,"column":4}},"14":{"start":{"line":15,"column":0},"end":{"line":15,"column":45}},"15":{"start":{"line":16,"column":0},"end":{"line":16,"column":38}},"16":{"start":{"line":17,"column":0},"end":{"line":17,"column":0}},"17":{"start":{"line":18,"column":0},"end":{"line":18,"column":14}},"18":{"start":{"line":19,"column":0},"end":{"line":19,"column":45}},"19":{"start":{"line":20,"column":0},"end":{"line":20,"column":34}},"20":{"start":{"line":21,"column":0},"end":{"line":21,"column":16}},"21":{"start":{"line":22,"column":0},"end":{"line":22,"column":33}},"22":{"start":{"line":23,"column":0},"end":{"line":23,"column":9}},"23":{"start":{"line":24,"column":0},"end":{"line":24,"column":0}},"24":{"start":{"line":25,"column":0},"end":{"line":25,"column":30}},"25":{"start":{"line":26,"column":0},"end":{"line":26,"column":37}},"26":{"start":{"line":27,"column":0},"end":{"line":27,"column":47}},"27":{"start":{"line":28,"column":0},"end":{"line":28,"column":0}},"28":{"start":{"line":29,"column":0},"end":{"line":29,"column":41}},"29":{"start":{"line":30,"column":0},"end":{"line":30,"column":6}},"30":{"start":{"line":31,"column":0},"end":{"line":31,"column":0}},"31":{"start":{"line":32,"column":0},"end":{"line":32,"column":37}},"32":{"start":{"line":33,"column":0},"end":{"line":33,"column":45}},"33":{"start":{"line":34,"column":0},"end":{"line":34,"column":8}},"34":{"start":{"line":35,"column":0},"end":{"line":35,"column":34}},"35":{"start":{"line":36,"column":0},"end":{"line":36,"column":28}},"36":{"start":{"line":37,"column":0},"end":{"line":37,"column":49}},"37":{"start":{"line":38,"column":0},"end":{"line":38,"column":45}},"38":{"start":{"line":39,"column":0},"end":{"line":39,"column":9}},"39":{"start":{"line":40,"column":0},"end":{"line":40,"column":6}},"40":{"start":{"line":41,"column":0},"end":{"line":41,"column":0}},"41":{"start":{"line":42,"column":0},"end":{"line":42,"column":53}},"42":{"start":{"line":43,"column":0},"end":{"line":43,"column":45}},"43":{"start":{"line":44,"column":0},"end":{"line":44,"column":0}},"44":{"start":{"line":45,"column":0},"end":{"line":45,"column":52}},"45":{"start":{"line":46,"column":0},"end":{"line":46,"column":0}},"46":{"start":{"line":47,"column":0},"end":{"line":47,"column":48}},"47":{"start":{"line":48,"column":0},"end":{"line":48,"column":28}},"48":{"start":{"line":49,"column":0},"end":{"line":49,"column":49}},"49":{"start":{"line":50,"column":0},"end":{"line":50,"column":45}},"50":{"start":{"line":51,"column":0},"end":{"line":51,"column":9}},"51":{"start":{"line":52,"column":0},"end":{"line":52,"column":6}},"52":{"start":{"line":53,"column":0},"end":{"line":53,"column":0}},"53":{"start":{"line":54,"column":0},"end":{"line":54,"column":33}},"54":{"start":{"line":55,"column":0},"end":{"line":55,"column":62}},"55":{"start":{"line":56,"column":0},"end":{"line":56,"column":45}},"56":{"start":{"line":57,"column":0},"end":{"line":57,"column":0}},"57":{"start":{"line":58,"column":0},"end":{"line":58,"column":34}},"58":{"start":{"line":59,"column":0},"end":{"line":59,"column":41}},"59":{"start":{"line":60,"column":0},"end":{"line":60,"column":16}},"60":{"start":{"line":61,"column":0},"end":{"line":61,"column":35}},"61":{"start":{"line":62,"column":0},"end":{"line":62,"column":9}},"62":{"start":{"line":63,"column":0},"end":{"line":63,"column":0}},"63":{"start":{"line":64,"column":0},"end":{"line":64,"column":60}},"64":{"start":{"line":65,"column":0},"end":{"line":65,"column":20}},"65":{"start":{"line":66,"column":0},"end":{"line":66,"column":0}},"66":{"start":{"line":67,"column":0},"end":{"line":67,"column":56}},"67":{"start":{"line":68,"column":0},"end":{"line":68,"column":33}},"68":{"start":{"line":69,"column":0},"end":{"line":69,"column":15}},"69":{"start":{"line":70,"column":0},"end":{"line":70,"column":34}},"70":{"start":{"line":71,"column":0},"end":{"line":71,"column":58}},"71":{"start":{"line":72,"column":0},"end":{"line":72,"column":0}},"72":{"start":{"line":73,"column":0},"end":{"line":73,"column":82}},"73":{"start":{"line":74,"column":0},"end":{"line":74,"column":0}},"74":{"start":{"line":75,"column":0},"end":{"line":75,"column":31}},"75":{"start":{"line":76,"column":0},"end":{"line":76,"column":68}},"76":{"start":{"line":77,"column":0},"end":{"line":77,"column":71}},"77":{"start":{"line":78,"column":0},"end":{"line":78,"column":20}},"78":{"start":{"line":79,"column":0},"end":{"line":79,"column":50}},"79":{"start":{"line":80,"column":0},"end":{"line":80,"column":13}},"80":{"start":{"line":81,"column":0},"end":{"line":81,"column":0}},"81":{"start":{"line":82,"column":0},"end":{"line":82,"column":68}},"82":{"start":{"line":83,"column":0},"end":{"line":83,"column":42}},"83":{"start":{"line":84,"column":0},"end":{"line":84,"column":9}},"84":{"start":{"line":85,"column":0},"end":{"line":85,"column":0}},"85":{"start":{"line":86,"column":0},"end":{"line":86,"column":42}},"86":{"start":{"line":87,"column":0},"end":{"line":87,"column":6}},"87":{"start":{"line":88,"column":0},"end":{"line":88,"column":0}},"88":{"start":{"line":89,"column":0},"end":{"line":89,"column":34}},"89":{"start":{"line":90,"column":0},"end":{"line":90,"column":83}},"90":{"start":{"line":91,"column":0},"end":{"line":91,"column":5}},"91":{"start":{"line":92,"column":0},"end":{"line":92,"column":0}},"92":{"start":{"line":93,"column":0},"end":{"line":93,"column":39}},"93":{"start":{"line":94,"column":0},"end":{"line":94,"column":91}},"94":{"start":{"line":95,"column":0},"end":{"line":95,"column":68}},"95":{"start":{"line":96,"column":0},"end":{"line":96,"column":30}},"96":{"start":{"line":97,"column":0},"end":{"line":97,"column":31}},"97":{"start":{"line":98,"column":0},"end":{"line":98,"column":6}},"98":{"start":{"line":99,"column":0},"end":{"line":99,"column":0}},"99":{"start":{"line":100,"column":0},"end":{"line":100,"column":12}},"100":{"start":{"line":101,"column":0},"end":{"line":101,"column":13}},"101":{"start":{"line":102,"column":0},"end":{"line":102,"column":60}},"102":{"start":{"line":103,"column":0},"end":{"line":103,"column":20}},"103":{"start":{"line":104,"column":0},"end":{"line":104,"column":75}},"104":{"start":{"line":105,"column":0},"end":{"line":105,"column":333}},"105":{"start":{"line":106,"column":0},"end":{"line":106,"column":109}},"106":{"start":{"line":107,"column":0},"end":{"line":107,"column":60}},"107":{"start":{"line":108,"column":0},"end":{"line":108,"column":39}},"108":{"start":{"line":109,"column":0},"end":{"line":109,"column":53}},"109":{"start":{"line":110,"column":0},"end":{"line":110,"column":75}},"110":{"start":{"line":111,"column":0},"end":{"line":111,"column":36}},"111":{"start":{"line":112,"column":0},"end":{"line":112,"column":99}},"112":{"start":{"line":113,"column":0},"end":{"line":113,"column":288}},"113":{"start":{"line":114,"column":0},"end":{"line":114,"column":45}},"114":{"start":{"line":115,"column":0},"end":{"line":115,"column":35}},"115":{"start":{"line":116,"column":0},"end":{"line":116,"column":59}},"116":{"start":{"line":117,"column":0},"end":{"line":117,"column":45}},"117":{"start":{"line":118,"column":0},"end":{"line":118,"column":21}},"118":{"start":{"line":119,"column":0},"end":{"line":119,"column":20}},"119":{"start":{"line":120,"column":0},"end":{"line":120,"column":56}},"120":{"start":{"line":121,"column":0},"end":{"line":121,"column":297}},"121":{"start":{"line":122,"column":0},"end":{"line":122,"column":110}},"122":{"start":{"line":123,"column":0},"end":{"line":123,"column":31}},"123":{"start":{"line":124,"column":0},"end":{"line":124,"column":35}},"124":{"start":{"line":125,"column":0},"end":{"line":125,"column":53}},"125":{"start":{"line":126,"column":0},"end":{"line":126,"column":17}},"126":{"start":{"line":127,"column":0},"end":{"line":127,"column":14}},"127":{"start":{"line":128,"column":0},"end":{"line":128,"column":6}},"128":{"start":{"line":129,"column":0},"end":{"line":129,"column":2}},"129":{"start":{"line":130,"column":0},"end":{"line":130,"column":0}},"130":{"start":{"line":131,"column":0},"end":{"line":131,"column":25}}},"s":{"0":1,"1":20,"2":1,"3":1,"4":1,"5":1,"6":10,"7":10,"8":10,"9":10,"10":10,"11":10,"12":10,"13":10,"14":10,"15":6,"16":6,"17":6,"18":6,"19":1,"20":6,"21":5,"22":5,"23":6,"24":6,"25":6,"26":6,"27":6,"28":6,"29":10,"30":10,"31":10,"32":5,"33":5,"34":5,"35":3,"36":3,"37":3,"38":3,"39":10,"40":10,"41":10,"42":4,"43":4,"44":4,"45":4,"46":4,"47":3,"48":3,"49":3,"50":3,"51":10,"52":10,"53":10,"54":2,"55":2,"56":2,"57":2,"58":2,"59":2,"60":0,"61":0,"62":2,"63":2,"64":10,"65":10,"66":10,"67":8,"68":8,"69":8,"70":8,"71":8,"72":8,"73":8,"74":8,"75":8,"76":6,"77":8,"78":2,"79":2,"80":8,"81":8,"82":8,"83":8,"84":8,"85":8,"86":10,"87":10,"88":10,"89":2,"90":2,"91":10,"92":10,"93":12,"94":12,"95":12,"96":12,"97":10,"98":10,"99":10,"100":10,"101":10,"102":10,"103":10,"104":10,"105":10,"106":10,"107":10,"108":10,"109":10,"110":24,"111":24,"112":24,"113":24,"114":24,"115":24,"116":24,"117":10,"118":10,"119":10,"120":10,"121":10,"122":10,"123":10,"124":10,"125":10,"126":10,"127":10,"128":10,"129":1,"130":1},"branchMap":{"0":{"type":"branch","line":2,"loc":{"start":{"line":2,"column":0},"end":{"line":2,"column":64}},"locations":[{"start":{"line":2,"column":0},"end":{"line":2,"column":64}}]},"1":{"type":"branch","line":2,"loc":{"start":{"line":2,"column":0},"end":{"line":2,"column":64}},"locations":[{"start":{"line":2,"column":0},"end":{"line":2,"column":64}}]},"2":{"type":"branch","line":2,"loc":{"start":{"line":2,"column":0},"end":{"line":2,"column":64}},"locations":[{"start":{"line":2,"column":0},"end":{"line":2,"column":64}}]},"3":{"type":"branch","line":2,"loc":{"start":{"line":2,"column":0},"end":{"line":2,"column":64}},"locations":[{"start":{"line":2,"column":0},"end":{"line":2,"column":64}}]},"4":{"type":"branch","line":2,"loc":{"start":{"line":2,"column":0},"end":{"line":2,"column":64}},"locations":[{"start":{"line":2,"column":0},"end":{"line":2,"column":64}}]},"5":{"type":"branch","line":2,"loc":{"start":{"line":2,"column":0},"end":{"line":2,"column":64}},"locations":[{"start":{"line":2,"column":0},"end":{"line":2,"column":64}}]},"6":{"type":"branch","line":2,"loc":{"start":{"line":2,"column":0},"end":{"line":2,"column":64}},"locations":[{"start":{"line":2,"column":0},"end":{"line":2,"column":64}}]},"7":{"type":"branch","line":2,"loc":{"start":{"line":2,"column":0},"end":{"line":2,"column":64}},"locations":[{"start":{"line":2,"column":0},"end":{"line":2,"column":64}}]},"8":{"type":"branch","line":2,"loc":{"start":{"line":2,"column":0},"end":{"line":2,"column":64}},"locations":[{"start":{"line":2,"column":0},"end":{"line":2,"column":64}}]},"9":{"type":"branch","line":2,"loc":{"start":{"line":2,"column":0},"end":{"line":2,"column":64}},"locations":[{"start":{"line":2,"column":0},"end":{"line":2,"column":64}}]},"10":{"type":"branch","line":2,"loc":{"start":{"line":2,"column":0},"end":{"line":2,"column":64}},"locations":[{"start":{"line":2,"column":0},"end":{"line":2,"column":64}}]},"11":{"type":"branch","line":2,"loc":{"start":{"line":2,"column":0},"end":{"line":2,"column":64}},"locations":[{"start":{"line":2,"column":0},"end":{"line":2,"column":64}}]},"12":{"type":"branch","line":6,"loc":{"start":{"line":6,"column":18},"end":{"line":129,"column":2}},"locations":[{"start":{"line":6,"column":18},"end":{"line":129,"column":2}}]},"13":{"type":"branch","line":106,"loc":{"start":{"line":106,"column":45},"end":{"line":106,"column":63}},"locations":[{"start":{"line":106,"column":45},"end":{"line":106,"column":63}}]},"14":{"type":"branch","line":106,"loc":{"start":{"line":106,"column":63},"end":{"line":106,"column":83}},"locations":[{"start":{"line":106,"column":63},"end":{"line":106,"column":83}}]},"15":{"type":"branch","line":122,"loc":{"start":{"line":122,"column":45},"end":{"line":122,"column":63}},"locations":[{"start":{"line":122,"column":45},"end":{"line":122,"column":63}}]},"16":{"type":"branch","line":122,"loc":{"start":{"line":122,"column":63},"end":{"line":122,"column":84}},"locations":[{"start":{"line":122,"column":63},"end":{"line":122,"column":84}}]},"17":{"type":"branch","line":15,"loc":{"start":{"line":15,"column":21},"end":{"line":15,"column":24}},"locations":[{"start":{"line":15,"column":21},"end":{"line":15,"column":24}}]},"18":{"type":"branch","line":15,"loc":{"start":{"line":15,"column":24},"end":{"line":29,"column":41}},"locations":[{"start":{"line":15,"column":24},"end":{"line":29,"column":41}}]},"19":{"type":"branch","line":15,"loc":{"start":{"line":15,"column":38},"end":{"line":29,"column":41}},"locations":[{"start":{"line":15,"column":38},"end":{"line":29,"column":41}}]},"20":{"type":"branch","line":19,"loc":{"start":{"line":19,"column":44},"end":{"line":21,"column":9}},"locations":[{"start":{"line":19,"column":44},"end":{"line":21,"column":9}}]},"21":{"type":"branch","line":21,"loc":{"start":{"line":21,"column":9},"end":{"line":23,"column":9}},"locations":[{"start":{"line":21,"column":9},"end":{"line":23,"column":9}}]},"22":{"type":"branch","line":27,"loc":{"start":{"line":27,"column":12},"end":{"line":27,"column":47}},"locations":[{"start":{"line":27,"column":12},"end":{"line":27,"column":47}}]},"23":{"type":"branch","line":32,"loc":{"start":{"line":32,"column":21},"end":{"line":32,"column":24}},"locations":[{"start":{"line":32,"column":21},"end":{"line":32,"column":24}}]},"24":{"type":"branch","line":32,"loc":{"start":{"line":32,"column":24},"end":{"line":39,"column":9}},"locations":[{"start":{"line":32,"column":24},"end":{"line":39,"column":9}}]},"25":{"type":"branch","line":32,"loc":{"start":{"line":32,"column":24},"end":{"line":39,"column":9}},"locations":[{"start":{"line":32,"column":24},"end":{"line":39,"column":9}}]},"26":{"type":"branch","line":35,"loc":{"start":{"line":35,"column":33},"end":{"line":39,"column":9}},"locations":[{"start":{"line":35,"column":33},"end":{"line":39,"column":9}}]},"27":{"type":"branch","line":42,"loc":{"start":{"line":42,"column":21},"end":{"line":42,"column":24}},"locations":[{"start":{"line":42,"column":21},"end":{"line":42,"column":24}}]},"28":{"type":"branch","line":42,"loc":{"start":{"line":42,"column":24},"end":{"line":51,"column":9}},"locations":[{"start":{"line":42,"column":24},"end":{"line":51,"column":9}}]},"29":{"type":"branch","line":42,"loc":{"start":{"line":42,"column":24},"end":{"line":51,"column":9}},"locations":[{"start":{"line":42,"column":24},"end":{"line":51,"column":9}}]},"30":{"type":"branch","line":47,"loc":{"start":{"line":47,"column":47},"end":{"line":51,"column":9}},"locations":[{"start":{"line":47,"column":47},"end":{"line":51,"column":9}}]},"31":{"type":"branch","line":54,"loc":{"start":{"line":54,"column":15},"end":{"line":65,"column":5}},"locations":[{"start":{"line":54,"column":15},"end":{"line":65,"column":5}}]},"32":{"type":"branch","line":55,"loc":{"start":{"line":55,"column":53},"end":{"line":55,"column":59}},"locations":[{"start":{"line":55,"column":53},"end":{"line":55,"column":59}}]},"33":{"type":"branch","line":60,"loc":{"start":{"line":60,"column":9},"end":{"line":62,"column":9}},"locations":[{"start":{"line":60,"column":9},"end":{"line":62,"column":9}}]},"34":{"type":"branch","line":67,"loc":{"start":{"line":67,"column":25},"end":{"line":67,"column":28}},"locations":[{"start":{"line":67,"column":25},"end":{"line":67,"column":28}}]},"35":{"type":"branch","line":67,"loc":{"start":{"line":67,"column":28},"end":{"line":86,"column":42}},"locations":[{"start":{"line":67,"column":28},"end":{"line":86,"column":42}}]},"36":{"type":"branch","line":67,"loc":{"start":{"line":67,"column":49},"end":{"line":86,"column":42}},"locations":[{"start":{"line":67,"column":49},"end":{"line":86,"column":42}}]},"37":{"type":"branch","line":76,"loc":{"start":{"line":76,"column":51},"end":{"line":78,"column":13}},"locations":[{"start":{"line":76,"column":51},"end":{"line":78,"column":13}}]},"38":{"type":"branch","line":78,"loc":{"start":{"line":78,"column":13},"end":{"line":80,"column":13}},"locations":[{"start":{"line":78,"column":13},"end":{"line":80,"column":13}}]},"39":{"type":"branch","line":83,"loc":{"start":{"line":83,"column":16},"end":{"line":83,"column":42}},"locations":[{"start":{"line":83,"column":16},"end":{"line":83,"column":42}}]},"40":{"type":"branch","line":89,"loc":{"start":{"line":89,"column":27},"end":{"line":91,"column":5}},"locations":[{"start":{"line":89,"column":27},"end":{"line":91,"column":5}}]},"41":{"type":"branch","line":93,"loc":{"start":{"line":93,"column":32},"end":{"line":98,"column":5}},"locations":[{"start":{"line":93,"column":32},"end":{"line":98,"column":5}}]},"42":{"type":"branch","line":110,"loc":{"start":{"line":110,"column":35},"end":{"line":117,"column":45}},"locations":[{"start":{"line":110,"column":35},"end":{"line":117,"column":45}}]},"43":{"type":"branch","line":112,"loc":{"start":{"line":112,"column":47},"end":{"line":112,"column":74}},"locations":[{"start":{"line":112,"column":47},"end":{"line":112,"column":74}}]}},"b":{"0":[23],"1":[0],"2":[0],"3":[40],"4":[23],"5":[23],"6":[23],"7":[20],"8":[0],"9":[0],"10":[0],"11":[20],"12":[10],"13":[8],"14":[2],"15":[8],"16":[2],"17":[10],"18":[6],"19":[6],"20":[1],"21":[5],"22":[19],"23":[10],"24":[5],"25":[5],"26":[3],"27":[10],"28":[4],"29":[4],"30":[3],"31":[2],"32":[0],"33":[0],"34":[10],"35":[8],"36":[8],"37":[6],"38":[2],"39":[24],"40":[2],"41":[12],"42":[24],"43":[4]},"fnMap":{"0":{"name":"asyncGeneratorStep","decl":{"start":{"line":2,"column":0},"end":{"line":2,"column":64}},"loc":{"start":{"line":2,"column":0},"end":{"line":2,"column":64}},"line":2},"1":{"name":"_asyncToGenerator","decl":{"start":{"line":2,"column":0},"end":{"line":2,"column":64}},"loc":{"start":{"line":2,"column":0},"end":{"line":2,"column":64}},"line":2},"2":{"name":"_next","decl":{"start":{"line":2,"column":0},"end":{"line":2,"column":64}},"loc":{"start":{"line":2,"column":0},"end":{"line":2,"column":64}},"line":2},"3":{"name":"_throw","decl":{"start":{"line":2,"column":0},"end":{"line":2,"column":64}},"loc":{"start":{"line":2,"column":0},"end":{"line":2,"column":64}},"line":2},"4":{"name":"_slicedToArray","decl":{"start":{"line":2,"column":0},"end":{"line":2,"column":64}},"loc":{"start":{"line":2,"column":0},"end":{"line":2,"column":64}},"line":2},"5":{"name":"_nonIterableRest","decl":{"start":{"line":2,"column":0},"end":{"line":2,"column":64}},"loc":{"start":{"line":2,"column":0},"end":{"line":2,"column":64}},"line":2},"6":{"name":"_unsupportedIterableToArray","decl":{"start":{"line":2,"column":0},"end":{"line":2,"column":64}},"loc":{"start":{"line":2,"column":0},"end":{"line":2,"column":64}},"line":2},"7":{"name":"_arrayLikeToArray","decl":{"start":{"line":2,"column":0},"end":{"line":2,"column":64}},"loc":{"start":{"line":2,"column":0},"end":{"line":2,"column":64}},"line":2},"8":{"name":"_iterableToArrayLimit","decl":{"start":{"line":2,"column":0},"end":{"line":2,"column":64}},"loc":{"start":{"line":2,"column":0},"end":{"line":2,"column":64}},"line":2},"9":{"name":"_arrayWithHoles","decl":{"start":{"line":2,"column":0},"end":{"line":2,"column":64}},"loc":{"start":{"line":2,"column":0},"end":{"line":2,"column":64}},"line":2},"10":{"name":"Paginator","decl":{"start":{"line":6,"column":18},"end":{"line":129,"column":2}},"loc":{"start":{"line":6,"column":18},"end":{"line":129,"column":2}},"line":6},"11":{"name":"_callee","decl":{"start":{"line":15,"column":24},"end":{"line":29,"column":41}},"loc":{"start":{"line":15,"column":24},"end":{"line":29,"column":41}},"line":15},"12":{"name":"_callee$","decl":{"start":{"line":15,"column":38},"end":{"line":29,"column":41}},"loc":{"start":{"line":15,"column":38},"end":{"line":29,"column":41}},"line":15},"13":{"name":"_callee2","decl":{"start":{"line":32,"column":24},"end":{"line":39,"column":9}},"loc":{"start":{"line":32,"column":24},"end":{"line":39,"column":9}},"line":32},"14":{"name":"_callee2$","decl":{"start":{"line":32,"column":24},"end":{"line":39,"column":9}},"loc":{"start":{"line":32,"column":24},"end":{"line":39,"column":9}},"line":32},"15":{"name":"_callee3","decl":{"start":{"line":42,"column":24},"end":{"line":51,"column":9}},"loc":{"start":{"line":42,"column":24},"end":{"line":51,"column":9}},"line":42},"16":{"name":"_callee3$","decl":{"start":{"line":42,"column":24},"end":{"line":51,"column":9}},"loc":{"start":{"line":42,"column":24},"end":{"line":51,"column":9}},"line":42},"17":{"name":"_callee4","decl":{"start":{"line":67,"column":28},"end":{"line":86,"column":42}},"loc":{"start":{"line":67,"column":28},"end":{"line":86,"column":42}},"line":67},"18":{"name":"_callee4$","decl":{"start":{"line":67,"column":49},"end":{"line":86,"column":42}},"loc":{"start":{"line":67,"column":49},"end":{"line":86,"column":42}},"line":67},"19":{"name":"calcQuantPages","decl":{"start":{"line":89,"column":27},"end":{"line":91,"column":5}},"loc":{"start":{"line":89,"column":27},"end":{"line":91,"column":5}},"line":89},"20":{"name":"calcQuantPageGroups","decl":{"start":{"line":93,"column":32},"end":{"line":98,"column":5}},"loc":{"start":{"line":93,"column":32},"end":{"line":98,"column":5}},"line":93},"21":{"name":"onClick","decl":{"start":{"line":112,"column":47},"end":{"line":112,"column":74}},"loc":{"start":{"line":112,"column":47},"end":{"line":112,"column":74}},"line":112}},"f":{"0":23,"1":40,"2":23,"3":0,"4":20,"5":0,"6":0,"7":0,"8":0,"9":20,"10":10,"11":6,"12":6,"13":5,"14":5,"15":4,"16":4,"17":8,"18":8,"19":2,"20":12,"21":4}}
,"C:\\Users\\italo\\workspace-java\\sisrest\\frontend\\src\\components\\buttons\\SimpleButton.js": {"path":"C:\\Users\\italo\\workspace-java\\sisrest\\frontend\\src\\components\\buttons\\SimpleButton.js","all":false,"statementMap":{"0":{"start":{"line":1,"column":0},"end":{"line":1,"column":0}},"1":{"start":{"line":2,"column":0},"end":{"line":2,"column":57}},"2":{"start":{"line":3,"column":0},"end":{"line":3,"column":12}},"3":{"start":{"line":4,"column":0},"end":{"line":4,"column":101}},"4":{"start":{"line":5,"column":0},"end":{"line":5,"column":22}},"5":{"start":{"line":6,"column":0},"end":{"line":6,"column":17}},"6":{"start":{"line":7,"column":0},"end":{"line":7,"column":6}},"7":{"start":{"line":8,"column":0},"end":{"line":8,"column":2}},"8":{"start":{"line":9,"column":0},"end":{"line":9,"column":0}},"9":{"start":{"line":10,"column":0},"end":{"line":10,"column":28}}},"s":{"0":1,"1":1,"2":44,"3":44,"4":44,"5":44,"6":44,"7":44,"8":1,"9":1},"branchMap":{"0":{"type":"branch","line":2,"loc":{"start":{"line":2,"column":21},"end":{"line":8,"column":2}},"locations":[{"start":{"line":2,"column":21},"end":{"line":8,"column":2}}]},"1":{"type":"branch","line":4,"loc":{"start":{"line":4,"column":93},"end":{"line":4,"column":92}},"locations":[{"start":{"line":4,"column":93},"end":{"line":4,"column":92}}]}},"b":{"0":[44],"1":[0]},"fnMap":{"0":{"name":"SimpleButton","decl":{"start":{"line":2,"column":21},"end":{"line":8,"column":2}},"loc":{"start":{"line":2,"column":21},"end":{"line":8,"column":2}},"line":2}},"f":{"0":44}}
}
