{"C:\\Users\\italo\\workspace-java\\sisrest\\frontend\\src\\components\\InputReal.tsx": {"path":"C:\\Users\\italo\\workspace-java\\sisrest\\frontend\\src\\components\\InputReal.tsx","statementMap":{"0":{"start":{"line":12,"column":18},"end":{"line":150,"column":1}},"1":{"start":{"line":14,"column":35},"end":{"line":14,"column":36}},"2":{"start":{"line":15,"column":27},"end":{"line":15,"column":32}},"3":{"start":{"line":17,"column":42},"end":{"line":17,"column":64}},"4":{"start":{"line":18,"column":21},"end":{"line":18,"column":58}},"5":{"start":{"line":20,"column":4},"end":{"line":24,"column":17}},"6":{"start":{"line":21,"column":23},"end":{"line":21,"column":48}},"7":{"start":{"line":22,"column":8},"end":{"line":22,"column":33}},"8":{"start":{"line":23,"column":8},"end":{"line":23,"column":31}},"9":{"start":{"line":26,"column":29},"end":{"line":94,"column":5}},"10":{"start":{"line":27,"column":8},"end":{"line":28,"column":19}},"11":{"start":{"line":28,"column":12},"end":{"line":28,"column":19}},"12":{"start":{"line":30,"column":21},"end":{"line":30,"column":77}},"13":{"start":{"line":31,"column":26},"end":{"line":31,"column":72}},"14":{"start":{"line":34,"column":8},"end":{"line":45,"column":9}},"15":{"start":{"line":35,"column":12},"end":{"line":35,"column":121}},"16":{"start":{"line":37,"column":12},"end":{"line":44,"column":13}},"17":{"start":{"line":38,"column":26},"end":{"line":38,"column":57}},"18":{"start":{"line":39,"column":16},"end":{"line":39,"column":26}},"19":{"start":{"line":40,"column":16},"end":{"line":40,"column":98}},"20":{"start":{"line":41,"column":16},"end":{"line":41,"column":49}},"21":{"start":{"line":43,"column":16},"end":{"line":43,"column":42}},"22":{"start":{"line":47,"column":8},"end":{"line":72,"column":9}},"23":{"start":{"line":49,"column":16},"end":{"line":66,"column":17}},"24":{"start":{"line":50,"column":20},"end":{"line":65,"column":21}},"25":{"start":{"line":51,"column":34},"end":{"line":51,"column":54}},"26":{"start":{"line":52,"column":34},"end":{"line":52,"column":39}},"27":{"start":{"line":53,"column":24},"end":{"line":61,"column":25}},"28":{"start":{"line":54,"column":28},"end":{"line":60,"column":29}},"29":{"start":{"line":57,"column":32},"end":{"line":57,"column":38}},"30":{"start":{"line":59,"column":32},"end":{"line":59,"column":43}},"31":{"start":{"line":62,"column":24},"end":{"line":62,"column":103}},"32":{"start":{"line":64,"column":24},"end":{"line":64,"column":115}},"33":{"start":{"line":67,"column":16},"end":{"line":67,"column":22}},"34":{"start":{"line":69,"column":16},"end":{"line":70,"column":111}},"35":{"start":{"line":70,"column":20},"end":{"line":70,"column":111}},"36":{"start":{"line":71,"column":16},"end":{"line":71,"column":22}},"37":{"start":{"line":74,"column":20},"end":{"line":74,"column":46}},"38":{"start":{"line":75,"column":24},"end":{"line":75,"column":47}},"39":{"start":{"line":76,"column":8},"end":{"line":76,"column":34}},"40":{"start":{"line":78,"column":8},"end":{"line":91,"column":9}},"41":{"start":{"line":79,"column":22},"end":{"line":79,"column":31}},"42":{"start":{"line":80,"column":12},"end":{"line":86,"column":13}},"43":{"start":{"line":81,"column":16},"end":{"line":81,"column":34}},"44":{"start":{"line":82,"column":19},"end":{"line":86,"column":13}},"45":{"start":{"line":83,"column":16},"end":{"line":83,"column":34}},"46":{"start":{"line":84,"column":19},"end":{"line":86,"column":13}},"47":{"start":{"line":85,"column":16},"end":{"line":85,"column":32}},"48":{"start":{"line":88,"column":12},"end":{"line":90,"column":19}},"49":{"start":{"line":89,"column":16},"end":{"line":89,"column":64}},"50":{"start":{"line":93,"column":8},"end":{"line":93,"column":29}},"51":{"start":{"line":96,"column":27},"end":{"line":100,"column":5}},"52":{"start":{"line":97,"column":22},"end":{"line":97,"column":50}},"53":{"start":{"line":98,"column":8},"end":{"line":99,"column":56}},"54":{"start":{"line":99,"column":12},"end":{"line":99,"column":56}},"55":{"start":{"line":102,"column":29},"end":{"line":104,"column":5}},"56":{"start":{"line":103,"column":8},"end":{"line":103,"column":109}},"57":{"start":{"line":106,"column":29},"end":{"line":129,"column":5}},"58":{"start":{"line":107,"column":31},"end":{"line":107,"column":70}},"59":{"start":{"line":108,"column":24},"end":{"line":108,"column":47}},"60":{"start":{"line":110,"column":20},"end":{"line":110,"column":43}},"61":{"start":{"line":111,"column":24},"end":{"line":111,"column":82}},"62":{"start":{"line":113,"column":21},"end":{"line":113,"column":23}},"63":{"start":{"line":114,"column":16},"end":{"line":114,"column":17}},"64":{"start":{"line":115,"column":8},"end":{"line":126,"column":9}},"65":{"start":{"line":115,"column":21},"end":{"line":115,"column":37}},"66":{"start":{"line":116,"column":12},"end":{"line":125,"column":13}},"67":{"start":{"line":117,"column":16},"end":{"line":121,"column":17}},"68":{"start":{"line":118,"column":20},"end":{"line":118,"column":64}},"69":{"start":{"line":120,"column":20},"end":{"line":120,"column":58}},"70":{"start":{"line":122,"column":16},"end":{"line":122,"column":20}},"71":{"start":{"line":124,"column":16},"end":{"line":124,"column":54}},"72":{"start":{"line":128,"column":8},"end":{"line":128,"column":32}},"73":{"start":{"line":131,"column":21},"end":{"line":133,"column":5}},"74":{"start":{"line":132,"column":8},"end":{"line":132,"column":44}},"75":{"start":{"line":135,"column":21},"end":{"line":135,"column":282}},"76":{"start":{"line":136,"column":4},"end":{"line":137,"column":36}},"77":{"start":{"line":137,"column":8},"end":{"line":137,"column":36}},"78":{"start":{"line":139,"column":4},"end":{"line":149,"column":6}}},"fnMap":{"0":{"name":"(anonymous_0)","decl":{"start":{"line":12,"column":18},"end":{"line":12,"column":19}},"loc":{"start":{"line":12,"column":111},"end":{"line":150,"column":1}},"line":12},"1":{"name":"(anonymous_1)","decl":{"start":{"line":20,"column":15},"end":{"line":20,"column":16}},"loc":{"start":{"line":20,"column":21},"end":{"line":24,"column":5}},"line":20},"2":{"name":"(anonymous_2)","decl":{"start":{"line":26,"column":29},"end":{"line":26,"column":30}},"loc":{"start":{"line":26,"column":76},"end":{"line":94,"column":5}},"line":26},"3":{"name":"(anonymous_3)","decl":{"start":{"line":88,"column":24},"end":{"line":88,"column":25}},"loc":{"start":{"line":88,"column":30},"end":{"line":90,"column":13}},"line":88},"4":{"name":"(anonymous_4)","decl":{"start":{"line":96,"column":27},"end":{"line":96,"column":28}},"loc":{"start":{"line":96,"column":75},"end":{"line":100,"column":5}},"line":96},"5":{"name":"(anonymous_5)","decl":{"start":{"line":102,"column":29},"end":{"line":102,"column":30}},"loc":{"start":{"line":102,"column":50},"end":{"line":104,"column":5}},"line":102},"6":{"name":"(anonymous_6)","decl":{"start":{"line":106,"column":29},"end":{"line":106,"column":30}},"loc":{"start":{"line":106,"column":49},"end":{"line":129,"column":5}},"line":106},"7":{"name":"(anonymous_7)","decl":{"start":{"line":131,"column":21},"end":{"line":131,"column":22}},"loc":{"start":{"line":131,"column":42},"end":{"line":133,"column":5}},"line":131},"8":{"name":"(anonymous_8)","decl":{"start":{"line":144,"column":23},"end":{"line":144,"column":24}},"loc":{"start":{"line":144,"column":29},"end":{"line":144,"column":31}},"line":144}},"branchMap":{"0":{"loc":{"start":{"line":27,"column":8},"end":{"line":28,"column":19}},"type":"if","locations":[{"start":{"line":27,"column":8},"end":{"line":28,"column":19}},{"start":{},"end":{}}],"line":27},"1":{"loc":{"start":{"line":27,"column":13},"end":{"line":27,"column":78}},"type":"binary-expr","locations":[{"start":{"line":27,"column":13},"end":{"line":27,"column":31}},{"start":{"line":27,"column":35},"end":{"line":27,"column":56}},{"start":{"line":27,"column":60},"end":{"line":27,"column":78}}],"line":27},"2":{"loc":{"start":{"line":30,"column":21},"end":{"line":30,"column":77}},"type":"cond-expr","locations":[{"start":{"line":30,"column":67},"end":{"line":30,"column":72}},{"start":{"line":30,"column":75},"end":{"line":30,"column":77}}],"line":30},"3":{"loc":{"start":{"line":30,"column":21},"end":{"line":30,"column":64}},"type":"binary-expr","locations":[{"start":{"line":30,"column":21},"end":{"line":30,"column":42}},{"start":{"line":30,"column":46},"end":{"line":30,"column":64}}],"line":30},"4":{"loc":{"start":{"line":34,"column":8},"end":{"line":45,"column":9}},"type":"if","locations":[{"start":{"line":34,"column":8},"end":{"line":45,"column":9}},{"start":{"line":36,"column":15},"end":{"line":45,"column":9}}],"line":34},"5":{"loc":{"start":{"line":34,"column":13},"end":{"line":34,"column":60}},"type":"binary-expr","locations":[{"start":{"line":34,"column":13},"end":{"line":34,"column":26}},{"start":{"line":34,"column":30},"end":{"line":34,"column":60}}],"line":34},"6":{"loc":{"start":{"line":37,"column":12},"end":{"line":44,"column":13}},"type":"if","locations":[{"start":{"line":37,"column":12},"end":{"line":44,"column":13}},{"start":{"line":42,"column":19},"end":{"line":44,"column":13}}],"line":37},"7":{"loc":{"start":{"line":40,"column":56},"end":{"line":40,"column":95}},"type":"binary-expr","locations":[{"start":{"line":40,"column":56},"end":{"line":40,"column":69}},{"start":{"line":40,"column":73},"end":{"line":40,"column":95}}],"line":40},"8":{"loc":{"start":{"line":47,"column":8},"end":{"line":72,"column":9}},"type":"switch","locations":[{"start":{"line":48,"column":12},"end":{"line":67,"column":22}},{"start":{"line":68,"column":12},"end":{"line":71,"column":22}}],"line":47},"9":{"loc":{"start":{"line":49,"column":16},"end":{"line":66,"column":17}},"type":"if","locations":[{"start":{"line":49,"column":16},"end":{"line":66,"column":17}},{"start":{},"end":{}}],"line":49},"10":{"loc":{"start":{"line":49,"column":21},"end":{"line":49,"column":79}},"type":"binary-expr","locations":[{"start":{"line":49,"column":21},"end":{"line":49,"column":34}},{"start":{"line":49,"column":38},"end":{"line":49,"column":79}}],"line":49},"11":{"loc":{"start":{"line":50,"column":20},"end":{"line":65,"column":21}},"type":"if","locations":[{"start":{"line":50,"column":20},"end":{"line":65,"column":21}},{"start":{"line":63,"column":27},"end":{"line":65,"column":21}}],"line":50},"12":{"loc":{"start":{"line":53,"column":31},"end":{"line":53,"column":47}},"type":"binary-expr","locations":[{"start":{"line":53,"column":31},"end":{"line":53,"column":39}},{"start":{"line":53,"column":43},"end":{"line":53,"column":47}}],"line":53},"13":{"loc":{"start":{"line":54,"column":28},"end":{"line":60,"column":29}},"type":"if","locations":[{"start":{"line":54,"column":28},"end":{"line":60,"column":29}},{"start":{"line":58,"column":35},"end":{"line":60,"column":29}}],"line":54},"14":{"loc":{"start":{"line":54,"column":33},"end":{"line":56,"column":69}},"type":"binary-expr","locations":[{"start":{"line":54,"column":33},"end":{"line":54,"column":66}},{"start":{"line":55,"column":36},"end":{"line":55,"column":69}},{"start":{"line":56,"column":36},"end":{"line":56,"column":69}}],"line":54},"15":{"loc":{"start":{"line":69,"column":16},"end":{"line":70,"column":111}},"type":"if","locations":[{"start":{"line":69,"column":16},"end":{"line":70,"column":111}},{"start":{},"end":{}}],"line":69},"16":{"loc":{"start":{"line":69,"column":21},"end":{"line":69,"column":77}},"type":"binary-expr","locations":[{"start":{"line":69,"column":21},"end":{"line":69,"column":34}},{"start":{"line":69,"column":38},"end":{"line":69,"column":77}}],"line":69},"17":{"loc":{"start":{"line":78,"column":8},"end":{"line":91,"column":9}},"type":"if","locations":[{"start":{"line":78,"column":8},"end":{"line":91,"column":9}},{"start":{},"end":{}}],"line":78},"18":{"loc":{"start":{"line":78,"column":13},"end":{"line":78,"column":83}},"type":"binary-expr","locations":[{"start":{"line":78,"column":13},"end":{"line":78,"column":36}},{"start":{"line":78,"column":40},"end":{"line":78,"column":61}},{"start":{"line":78,"column":65},"end":{"line":78,"column":83}}],"line":78},"19":{"loc":{"start":{"line":80,"column":12},"end":{"line":86,"column":13}},"type":"if","locations":[{"start":{"line":80,"column":12},"end":{"line":86,"column":13}},{"start":{"line":82,"column":19},"end":{"line":86,"column":13}}],"line":80},"20":{"loc":{"start":{"line":82,"column":19},"end":{"line":86,"column":13}},"type":"if","locations":[{"start":{"line":82,"column":19},"end":{"line":86,"column":13}},{"start":{"line":84,"column":19},"end":{"line":86,"column":13}}],"line":82},"21":{"loc":{"start":{"line":84,"column":19},"end":{"line":86,"column":13}},"type":"if","locations":[{"start":{"line":84,"column":19},"end":{"line":86,"column":13}},{"start":{},"end":{}}],"line":84},"22":{"loc":{"start":{"line":98,"column":8},"end":{"line":99,"column":56}},"type":"if","locations":[{"start":{"line":98,"column":8},"end":{"line":99,"column":56}},{"start":{},"end":{}}],"line":98},"23":{"loc":{"start":{"line":103,"column":42},"end":{"line":103,"column":57}},"type":"binary-expr","locations":[{"start":{"line":103,"column":42},"end":{"line":103,"column":48}},{"start":{"line":103,"column":52},"end":{"line":103,"column":57}}],"line":103},"24":{"loc":{"start":{"line":107,"column":31},"end":{"line":107,"column":70}},"type":"binary-expr","locations":[{"start":{"line":107,"column":31},"end":{"line":107,"column":44}},{"start":{"line":107,"column":48},"end":{"line":107,"column":70}}],"line":107},"25":{"loc":{"start":{"line":108,"column":24},"end":{"line":108,"column":47}},"type":"binary-expr","locations":[{"start":{"line":108,"column":24},"end":{"line":108,"column":38}},{"start":{"line":108,"column":42},"end":{"line":108,"column":47}}],"line":108},"26":{"loc":{"start":{"line":110,"column":20},"end":{"line":110,"column":43}},"type":"cond-expr","locations":[{"start":{"line":110,"column":36},"end":{"line":110,"column":39}},{"start":{"line":110,"column":42},"end":{"line":110,"column":43}}],"line":110},"27":{"loc":{"start":{"line":116,"column":12},"end":{"line":125,"column":13}},"type":"if","locations":[{"start":{"line":116,"column":12},"end":{"line":125,"column":13}},{"start":{"line":123,"column":19},"end":{"line":125,"column":13}}],"line":116},"28":{"loc":{"start":{"line":117,"column":16},"end":{"line":121,"column":17}},"type":"if","locations":[{"start":{"line":117,"column":16},"end":{"line":121,"column":17}},{"start":{"line":119,"column":23},"end":{"line":121,"column":17}}],"line":117},"29":{"loc":{"start":{"line":117,"column":21},"end":{"line":117,"column":40}},"type":"binary-expr","locations":[{"start":{"line":117,"column":21},"end":{"line":117,"column":31}},{"start":{"line":117,"column":35},"end":{"line":117,"column":40}}],"line":117},"30":{"loc":{"start":{"line":136,"column":4},"end":{"line":137,"column":36}},"type":"if","locations":[{"start":{"line":136,"column":4},"end":{"line":137,"column":36}},{"start":{},"end":{}}],"line":136},"31":{"loc":{"start":{"line":136,"column":9},"end":{"line":136,"column":54}},"type":"binary-expr","locations":[{"start":{"line":136,"column":9},"end":{"line":136,"column":32}},{"start":{"line":136,"column":36},"end":{"line":136,"column":54}}],"line":136}},"s":{"0":1,"1":8,"2":8,"3":8,"4":8,"5":8,"6":1,"7":1,"8":1,"9":8,"10":8,"11":1,"12":7,"13":7,"14":7,"15":5,"16":2,"17":1,"18":1,"19":1,"20":1,"21":1,"22":7,"23":3,"24":2,"25":1,"26":1,"27":1,"28":1,"29":0,"30":1,"31":1,"32":1,"33":3,"34":2,"35":1,"36":2,"37":7,"38":7,"39":7,"40":7,"41":7,"42":7,"43":2,"44":5,"45":3,"46":2,"47":2,"48":7,"49":0,"50":7,"51":8,"52":0,"53":0,"54":0,"55":8,"56":8,"57":8,"58":9,"59":9,"60":9,"61":9,"62":9,"63":9,"64":9,"65":9,"66":52,"67":7,"68":2,"69":5,"70":7,"71":45,"72":9,"73":8,"74":24,"75":8,"76":8,"77":0,"78":8},"f":{"0":8,"1":1,"2":8,"3":0,"4":0,"5":8,"6":9,"7":24,"8":0},"b":{"0":[1,7],"1":[8,6,3],"2":[2,5],"3":[7,4],"4":[5,2],"5":[7,7],"6":[1,1],"7":[1,1],"8":[3,2],"9":[2,1],"10":[3,3],"11":[1,1],"12":[2,2],"13":[0,1],"14":[1,1,1],"15":[1,1],"16":[2,2],"17":[7,0],"18":[7,5,2],"19":[2,5],"20":[3,2],"21":[2,0],"22":[0,0],"23":[8,8],"24":[9,9],"25":[9,0],"26":[9,0],"27":[7,45],"28":[2,5],"29":[7,5],"30":[0,8],"31":[8,0]},"_coverageSchema":"1a1c01bbd47fc00a2c39e90264f33305004495a9","hash":"a8f6fb5fef1ef09096c969abe7bb6e56623e4b06"}
,"C:\\Users\\italo\\workspace-java\\sisrest\\frontend\\src\\components\\Paginator.tsx": {"path":"C:\\Users\\italo\\workspace-java\\sisrest\\frontend\\src\\components\\Paginator.tsx","statementMap":{"0":{"start":{"line":17,"column":18},"end":{"line":140,"column":1}},"1":{"start":{"line":23,"column":52},"end":{"line":23,"column":73}},"2":{"start":{"line":24,"column":42},"end":{"line":24,"column":66}},"3":{"start":{"line":26,"column":24},"end":{"line":41,"column":5}},"4":{"start":{"line":27,"column":18},"end":{"line":27,"column":36}},"5":{"start":{"line":30,"column":8},"end":{"line":34,"column":9}},"6":{"start":{"line":31,"column":12},"end":{"line":31,"column":34}},"7":{"start":{"line":33,"column":12},"end":{"line":33,"column":33}},"8":{"start":{"line":36,"column":29},"end":{"line":36,"column":31}},"9":{"start":{"line":37,"column":8},"end":{"line":38,"column":47}},"10":{"start":{"line":37,"column":21},"end":{"line":37,"column":22}},"11":{"start":{"line":38,"column":12},"end":{"line":38,"column":47}},"12":{"start":{"line":40,"column":8},"end":{"line":40,"column":41}},"13":{"start":{"line":43,"column":24},"end":{"line":51,"column":5}},"14":{"start":{"line":44,"column":28},"end":{"line":44,"column":44}},"15":{"start":{"line":46,"column":8},"end":{"line":50,"column":9}},"16":{"start":{"line":47,"column":12},"end":{"line":47,"column":28}},"17":{"start":{"line":48,"column":12},"end":{"line":48,"column":49}},"18":{"start":{"line":49,"column":12},"end":{"line":49,"column":45}},"19":{"start":{"line":53,"column":24},"end":{"line":63,"column":5}},"20":{"start":{"line":54,"column":28},"end":{"line":54,"column":44}},"21":{"start":{"line":56,"column":32},"end":{"line":56,"column":53}},"22":{"start":{"line":58,"column":8},"end":{"line":62,"column":9}},"23":{"start":{"line":59,"column":12},"end":{"line":59,"column":28}},"24":{"start":{"line":60,"column":12},"end":{"line":60,"column":49}},"25":{"start":{"line":61,"column":12},"end":{"line":61,"column":45}},"26":{"start":{"line":65,"column":4},"end":{"line":76,"column":20}},"27":{"start":{"line":66,"column":32},"end":{"line":66,"column":59}},"28":{"start":{"line":67,"column":8},"end":{"line":67,"column":45}},"29":{"start":{"line":69,"column":8},"end":{"line":73,"column":9}},"30":{"start":{"line":70,"column":12},"end":{"line":70,"column":41}},"31":{"start":{"line":72,"column":12},"end":{"line":72,"column":35}},"32":{"start":{"line":75,"column":8},"end":{"line":75,"column":41}},"33":{"start":{"line":78,"column":28},"end":{"line":98,"column":5}},"34":{"start":{"line":79,"column":43},"end":{"line":79,"column":45}},"35":{"start":{"line":81,"column":8},"end":{"line":95,"column":9}},"36":{"start":{"line":82,"column":36},"end":{"line":82,"column":57}},"37":{"start":{"line":84,"column":36},"end":{"line":84,"column":83}},"38":{"start":{"line":87,"column":12},"end":{"line":91,"column":13}},"39":{"start":{"line":88,"column":16},"end":{"line":88,"column":71}},"40":{"start":{"line":90,"column":16},"end":{"line":90,"column":50}},"41":{"start":{"line":93,"column":12},"end":{"line":94,"column":42}},"42":{"start":{"line":93,"column":25},"end":{"line":93,"column":40}},"43":{"start":{"line":94,"column":16},"end":{"line":94,"column":42}},"44":{"start":{"line":97,"column":8},"end":{"line":97,"column":42}},"45":{"start":{"line":100,"column":27},"end":{"line":102,"column":5}},"46":{"start":{"line":101,"column":8},"end":{"line":101,"column":96}},"47":{"start":{"line":104,"column":32},"end":{"line":109,"column":5}},"48":{"start":{"line":105,"column":30},"end":{"line":105,"column":103}},"49":{"start":{"line":106,"column":8},"end":{"line":107,"column":30}},"50":{"start":{"line":107,"column":12},"end":{"line":107,"column":30}},"51":{"start":{"line":108,"column":8},"end":{"line":108,"column":31}},"52":{"start":{"line":111,"column":4},"end":{"line":139,"column":6}},"53":{"start":{"line":122,"column":20},"end":{"line":128,"column":25}},"54":{"start":{"line":123,"column":52},"end":{"line":123,"column":73}}},"fnMap":{"0":{"name":"(anonymous_0)","decl":{"start":{"line":17,"column":18},"end":{"line":17,"column":19}},"loc":{"start":{"line":21,"column":59},"end":{"line":140,"column":1}},"line":21},"1":{"name":"(anonymous_1)","decl":{"start":{"line":26,"column":24},"end":{"line":26,"column":25}},"loc":{"start":{"line":26,"column":50},"end":{"line":41,"column":5}},"line":26},"2":{"name":"(anonymous_2)","decl":{"start":{"line":43,"column":24},"end":{"line":43,"column":25}},"loc":{"start":{"line":43,"column":36},"end":{"line":51,"column":5}},"line":43},"3":{"name":"(anonymous_3)","decl":{"start":{"line":53,"column":24},"end":{"line":53,"column":25}},"loc":{"start":{"line":53,"column":36},"end":{"line":63,"column":5}},"line":53},"4":{"name":"(anonymous_4)","decl":{"start":{"line":65,"column":15},"end":{"line":65,"column":16}},"loc":{"start":{"line":65,"column":21},"end":{"line":76,"column":5}},"line":65},"5":{"name":"(anonymous_5)","decl":{"start":{"line":78,"column":28},"end":{"line":78,"column":29}},"loc":{"start":{"line":78,"column":64},"end":{"line":98,"column":5}},"line":78},"6":{"name":"(anonymous_6)","decl":{"start":{"line":100,"column":27},"end":{"line":100,"column":28}},"loc":{"start":{"line":100,"column":33},"end":{"line":102,"column":5}},"line":100},"7":{"name":"(anonymous_7)","decl":{"start":{"line":104,"column":32},"end":{"line":104,"column":33}},"loc":{"start":{"line":104,"column":38},"end":{"line":109,"column":5}},"line":104},"8":{"name":"(anonymous_8)","decl":{"start":{"line":121,"column":35},"end":{"line":121,"column":36}},"loc":{"start":{"line":122,"column":20},"end":{"line":128,"column":25}},"line":122},"9":{"name":"(anonymous_9)","decl":{"start":{"line":123,"column":47},"end":{"line":123,"column":48}},"loc":{"start":{"line":123,"column":52},"end":{"line":123,"column":73}},"line":123}},"branchMap":{"0":{"loc":{"start":{"line":30,"column":8},"end":{"line":34,"column":9}},"type":"if","locations":[{"start":{"line":30,"column":8},"end":{"line":34,"column":9}},{"start":{"line":32,"column":15},"end":{"line":34,"column":9}}],"line":30},"1":{"loc":{"start":{"line":46,"column":8},"end":{"line":50,"column":9}},"type":"if","locations":[{"start":{"line":46,"column":8},"end":{"line":50,"column":9}},{"start":{},"end":{}}],"line":46},"2":{"loc":{"start":{"line":58,"column":8},"end":{"line":62,"column":9}},"type":"if","locations":[{"start":{"line":58,"column":8},"end":{"line":62,"column":9}},{"start":{},"end":{}}],"line":58},"3":{"loc":{"start":{"line":66,"column":32},"end":{"line":66,"column":59}},"type":"cond-expr","locations":[{"start":{"line":66,"column":54},"end":{"line":66,"column":55}},{"start":{"line":66,"column":58},"end":{"line":66,"column":59}}],"line":66},"4":{"loc":{"start":{"line":69,"column":8},"end":{"line":73,"column":9}},"type":"if","locations":[{"start":{"line":69,"column":8},"end":{"line":73,"column":9}},{"start":{"line":71,"column":15},"end":{"line":73,"column":9}}],"line":69},"5":{"loc":{"start":{"line":81,"column":8},"end":{"line":95,"column":9}},"type":"if","locations":[{"start":{"line":81,"column":8},"end":{"line":95,"column":9}},{"start":{},"end":{}}],"line":81},"6":{"loc":{"start":{"line":87,"column":12},"end":{"line":91,"column":13}},"type":"if","locations":[{"start":{"line":87,"column":12},"end":{"line":91,"column":13}},{"start":{"line":89,"column":19},"end":{"line":91,"column":13}}],"line":87},"7":{"loc":{"start":{"line":106,"column":8},"end":{"line":107,"column":30}},"type":"if","locations":[{"start":{"line":106,"column":8},"end":{"line":107,"column":30}},{"start":{},"end":{}}],"line":106},"8":{"loc":{"start":{"line":117,"column":30},"end":{"line":117,"column":83}},"type":"cond-expr","locations":[{"start":{"line":117,"column":48},"end":{"line":117,"column":63}},{"start":{"line":117,"column":66},"end":{"line":117,"column":83}}],"line":117},"9":{"loc":{"start":{"line":133,"column":30},"end":{"line":133,"column":84}},"type":"cond-expr","locations":[{"start":{"line":133,"column":48},"end":{"line":133,"column":63}},{"start":{"line":133,"column":66},"end":{"line":133,"column":84}}],"line":133}},"s":{"0":1,"1":10,"2":10,"3":10,"4":6,"5":6,"6":1,"7":5,"8":6,"9":6,"10":6,"11":19,"12":6,"13":10,"14":5,"15":5,"16":3,"17":3,"18":3,"19":10,"20":4,"21":4,"22":4,"23":3,"24":3,"25":3,"26":10,"27":2,"28":2,"29":2,"30":2,"31":0,"32":2,"33":10,"34":8,"35":8,"36":8,"37":8,"38":8,"39":6,"40":2,"41":8,"42":8,"43":24,"44":8,"45":10,"46":2,"47":10,"48":12,"49":12,"50":12,"51":12,"52":10,"53":24,"54":4},"f":{"0":10,"1":6,"2":5,"3":4,"4":2,"5":8,"6":2,"7":12,"8":24,"9":4},"b":{"0":[1,5],"1":[3,2],"2":[3,1],"3":[2,0],"4":[2,0],"5":[8,0],"6":[6,2],"7":[12,0],"8":[8,2],"9":[8,2]},"_coverageSchema":"1a1c01bbd47fc00a2c39e90264f33305004495a9","hash":"0219f45a0fcf67ce9d557dc9d376417524586d12"}
,"C:\\Users\\italo\\workspace-java\\sisrest\\frontend\\src\\components\\buttons\\SimpleButton.tsx": {"path":"C:\\Users\\italo\\workspace-java\\sisrest\\frontend\\src\\components\\buttons\\SimpleButton.tsx","statementMap":{"0":{"start":{"line":10,"column":21},"end":{"line":16,"column":1}},"1":{"start":{"line":11,"column":4},"end":{"line":15,"column":6}}},"fnMap":{"0":{"name":"(anonymous_0)","decl":{"start":{"line":10,"column":21},"end":{"line":10,"column":22}},"loc":{"start":{"line":10,"column":75},"end":{"line":16,"column":1}},"line":10}},"branchMap":{},"s":{"0":1,"1":44},"f":{"0":44},"b":{},"_coverageSchema":"1a1c01bbd47fc00a2c39e90264f33305004495a9","hash":"7251e98118b9d3910e6a2ca2b933f9d2b02f945d"}
}
