TN:
SF:src\components\InputReal.tsx
FN:12,(anonymous_0)
FN:20,(anonymous_1)
FN:26,(anonymous_2)
FN:88,(anonymous_3)
FN:96,(anonymous_4)
FN:102,(anonymous_5)
FN:106,(anonymous_6)
FN:131,(anonymous_7)
FN:144,(anonymous_8)
FNF:9
FNH:6
FNDA:8,(anonymous_0)
FNDA:1,(anonymous_1)
FNDA:8,(anonymous_2)
FNDA:0,(anonymous_3)
FNDA:0,(anonymous_4)
FNDA:8,(anonymous_5)
FNDA:9,(anonymous_6)
FNDA:24,(anonymous_7)
FNDA:0,(anonymous_8)
DA:12,1
DA:14,8
DA:15,8
DA:17,8
DA:18,8
DA:20,8
DA:21,1
DA:22,1
DA:23,1
DA:26,8
DA:27,8
DA:28,1
DA:30,7
DA:31,7
DA:34,7
DA:35,5
DA:37,2
DA:38,1
DA:39,1
DA:40,1
DA:41,1
DA:43,1
DA:47,7
DA:49,3
DA:50,2
DA:51,1
DA:52,1
DA:53,1
DA:54,1
DA:57,0
DA:59,1
DA:62,1
DA:64,1
DA:67,3
DA:69,2
DA:70,1
DA:71,2
DA:74,7
DA:75,7
DA:76,7
DA:78,7
DA:79,7
DA:80,7
DA:81,2
DA:82,5
DA:83,3
DA:84,2
DA:85,2
DA:88,7
DA:89,0
DA:93,7
DA:96,8
DA:97,0
DA:98,0
DA:99,0
DA:102,8
DA:103,8
DA:106,8
DA:107,9
DA:108,9
DA:110,9
DA:111,9
DA:113,9
DA:114,9
DA:115,9
DA:116,52
DA:117,7
DA:118,2
DA:120,5
DA:122,7
DA:124,45
DA:128,9
DA:131,8
DA:132,24
DA:135,8
DA:136,8
DA:137,0
DA:139,8
LF:78
LH:72
BRDA:27,0,0,1
BRDA:27,0,1,7
BRDA:27,1,0,8
BRDA:27,1,1,6
BRDA:27,1,2,3
BRDA:30,2,0,2
BRDA:30,2,1,5
BRDA:30,3,0,7
BRDA:30,3,1,4
BRDA:34,4,0,5
BRDA:34,4,1,2
BRDA:34,5,0,7
BRDA:34,5,1,7
BRDA:37,6,0,1
BRDA:37,6,1,1
BRDA:40,7,0,1
BRDA:40,7,1,1
BRDA:47,8,0,3
BRDA:47,8,1,2
BRDA:49,9,0,2
BRDA:49,9,1,1
BRDA:49,10,0,3
BRDA:49,10,1,3
BRDA:50,11,0,1
BRDA:50,11,1,1
BRDA:53,12,0,2
BRDA:53,12,1,2
BRDA:54,13,0,0
BRDA:54,13,1,1
BRDA:54,14,0,1
BRDA:54,14,1,1
BRDA:54,14,2,1
BRDA:69,15,0,1
BRDA:69,15,1,1
BRDA:69,16,0,2
BRDA:69,16,1,2
BRDA:78,17,0,7
BRDA:78,17,1,0
BRDA:78,18,0,7
BRDA:78,18,1,5
BRDA:78,18,2,2
BRDA:80,19,0,2
BRDA:80,19,1,5
BRDA:82,20,0,3
BRDA:82,20,1,2
BRDA:84,21,0,2
BRDA:84,21,1,0
BRDA:98,22,0,0
BRDA:98,22,1,0
BRDA:103,23,0,8
BRDA:103,23,1,8
BRDA:107,24,0,9
BRDA:107,24,1,9
BRDA:108,25,0,9
BRDA:108,25,1,0
BRDA:110,26,0,9
BRDA:110,26,1,0
BRDA:116,27,0,7
BRDA:116,27,1,45
BRDA:117,28,0,2
BRDA:117,28,1,5
BRDA:117,29,0,7
BRDA:117,29,1,5
BRDA:136,30,0,0
BRDA:136,30,1,8
BRDA:136,31,0,8
BRDA:136,31,1,0
BRF:67
BRH:58
end_of_record
TN:
SF:src\components\Paginator.tsx
FN:17,(anonymous_0)
FN:26,(anonymous_1)
FN:43,(anonymous_2)
FN:53,(anonymous_3)
FN:65,(anonymous_4)
FN:78,(anonymous_5)
FN:100,(anonymous_6)
FN:104,(anonymous_7)
FN:121,(anonymous_8)
FN:123,(anonymous_9)
FNF:10
FNH:10
FNDA:10,(anonymous_0)
FNDA:6,(anonymous_1)
FNDA:5,(anonymous_2)
FNDA:4,(anonymous_3)
FNDA:2,(anonymous_4)
FNDA:8,(anonymous_5)
FNDA:2,(anonymous_6)
FNDA:12,(anonymous_7)
FNDA:24,(anonymous_8)
FNDA:4,(anonymous_9)
DA:17,1
DA:23,10
DA:24,10
DA:26,10
DA:27,6
DA:30,6
DA:31,1
DA:33,5
DA:36,6
DA:37,6
DA:38,19
DA:40,6
DA:43,10
DA:44,5
DA:46,5
DA:47,3
DA:48,3
DA:49,3
DA:53,10
DA:54,4
DA:56,4
DA:58,4
DA:59,3
DA:60,3
DA:61,3
DA:65,10
DA:66,2
DA:67,2
DA:69,2
DA:70,2
DA:72,0
DA:75,2
DA:78,10
DA:79,8
DA:81,8
DA:82,8
DA:84,8
DA:87,8
DA:88,6
DA:90,2
DA:93,8
DA:94,24
DA:97,8
DA:100,10
DA:101,2
DA:104,10
DA:105,12
DA:106,12
DA:107,12
DA:108,12
DA:111,10
DA:122,24
DA:123,4
LF:53
LH:52
BRDA:30,0,0,1
BRDA:30,0,1,5
BRDA:46,1,0,3
BRDA:46,1,1,2
BRDA:58,2,0,3
BRDA:58,2,1,1
BRDA:66,3,0,2
BRDA:66,3,1,0
BRDA:69,4,0,2
BRDA:69,4,1,0
BRDA:81,5,0,8
BRDA:81,5,1,0
BRDA:87,6,0,6
BRDA:87,6,1,2
BRDA:106,7,0,12
BRDA:106,7,1,0
BRDA:117,8,0,8
BRDA:117,8,1,2
BRDA:133,9,0,8
BRDA:133,9,1,2
BRF:20
BRH:16
end_of_record
TN:
SF:src\components\buttons\SimpleButton.tsx
FN:10,(anonymous_0)
FNF:1
FNH:1
FNDA:44,(anonymous_0)
DA:10,1
DA:11,44
LF:2
LH:2
BRF:0
BRH:0
end_of_record
